2024-06-06 00:05:17,800 INFO o.h.v.i.u.Version [background-preinit] HV000001: Hibernate Validator 8.0.1.Final
2024-06-06 00:05:17,932 INFO o.s.b.StartupInfoLogger [restartedMain] Starting BackendDesappApiApplicationKt using Java 17.0.6 with PID 10964 (C:\Users\jmsan\dev\universidad\desa-unq-grupo\build\classes\kotlin\main started by jmsan in C:\Users\jmsan\dev\universidad\desa-unq-grupo)
2024-06-06 00:05:17,936 INFO o.s.b.SpringApplication [restartedMain] No active profile set, falling back to 1 default profile: "default"
2024-06-06 00:05:18,119 INFO o.s.b.l.DeferredLog [restartedMain] The Class-Path manifest attribute in C:\Users\jmsan\.gradle\caches\modules-2\files-2.1\com.sun.xml.bind\jaxb-core\2.3.0.1\23574ca124d0a694721ce3ef13cd720095f18fdd\jaxb-core-2.3.0.1.jar referenced one or more files that do not exist: file:/C:/Users/jmsan/.gradle/caches/modules-2/files-2.1/com.sun.xml.bind/jaxb-core/2.3.0.1/23574ca124d0a694721ce3ef13cd720095f18fdd/jaxb-api.jar
2024-06-06 00:05:18,120 INFO o.s.b.l.DeferredLog [restartedMain] The Class-Path manifest attribute in C:\Users\jmsan\.gradle\caches\modules-2\files-2.1\com.sun.xml.bind\jaxb-impl\2.3.2\9d70d9b54cbc91b0e647d97af87395f39ea189f9\jaxb-impl-2.3.2.jar referenced one or more files that do not exist: file:/C:/Users/jmsan/.gradle/caches/modules-2/files-2.1/com.sun.xml.bind/jaxb-impl/2.3.2/9d70d9b54cbc91b0e647d97af87395f39ea189f9/jaxb-runtime-2.3.2.jar,file:/C:/Users/jmsan/.gradle/caches/modules-2/files-2.1/com.sun.xml.bind/jaxb-impl/2.3.2/9d70d9b54cbc91b0e647d97af87395f39ea189f9/txw2-2.3.2.jar,file:/C:/Users/jmsan/.gradle/caches/modules-2/files-2.1/com.sun.xml.bind/jaxb-impl/2.3.2/9d70d9b54cbc91b0e647d97af87395f39ea189f9/istack-commons-runtime-3.0.8.jar,file:/C:/Users/jmsan/.gradle/caches/modules-2/files-2.1/com.sun.xml.bind/jaxb-impl/2.3.2/9d70d9b54cbc91b0e647d97af87395f39ea189f9/stax-ex-1.8.1.jar,file:/C:/Users/jmsan/.gradle/caches/modules-2/files-2.1/com.sun.xml.bind/jaxb-impl/2.3.2/9d70d9b54cbc91b0e647d97af87395f39ea189f9/FastInfoset-1.2.16.jar,file:/C:/Users/jmsan/.gradle/caches/modules-2/files-2.1/com.sun.xml.bind/jaxb-impl/2.3.2/9d70d9b54cbc91b0e647d97af87395f39ea189f9/jakarta.activation-api-1.2.1.jar
2024-06-06 00:05:18,120 INFO o.s.b.l.DeferredLog [restartedMain] Devtools property defaults active! Set 'spring.devtools.add-properties' to 'false' to disable
2024-06-06 00:05:18,121 INFO o.s.b.l.DeferredLog [restartedMain] For additional web related logging consider setting the 'logging.level.web' property to 'DEBUG'
2024-06-06 00:05:21,772 INFO o.s.d.r.c.RepositoryConfigurationDelegate [restartedMain] Bootstrapping Spring Data JPA repositories in DEFAULT mode.
2024-06-06 00:05:21,951 INFO o.s.d.r.c.RepositoryConfigurationDelegate [restartedMain] Finished Spring Data repository scanning in 161 ms. Found 5 JPA repository interfaces.
2024-06-06 00:05:23,998 INFO o.s.b.w.e.t.TomcatWebServer [restartedMain] Tomcat initialized with port 8080 (http)
2024-06-06 00:05:24,016 INFO o.a.j.l.DirectJDKLog [restartedMain] Initializing ProtocolHandler ["http-nio-8080"]
2024-06-06 00:05:24,019 INFO o.a.j.l.DirectJDKLog [restartedMain] Starting service [Tomcat]
2024-06-06 00:05:24,020 INFO o.a.j.l.DirectJDKLog [restartedMain] Starting Servlet engine: [Apache Tomcat/10.1.19]
2024-06-06 00:05:24,129 INFO o.a.j.l.DirectJDKLog [restartedMain] Initializing Spring embedded WebApplicationContext
2024-06-06 00:05:24,130 INFO o.s.b.w.s.c.ServletWebServerApplicationContext [restartedMain] Root WebApplicationContext: initialization completed in 6008 ms
2024-06-06 00:05:24,737 INFO c.z.h.HikariDataSource [restartedMain] HikariPool-1 - Starting...
2024-06-06 00:05:25,242 INFO c.z.h.p.HikariPool [restartedMain] HikariPool-1 - Added connection conn0: url=jdbc:h2:mem:desapp.api.db user=SA
2024-06-06 00:05:25,246 INFO c.z.h.HikariDataSource [restartedMain] HikariPool-1 - Start completed.
2024-06-06 00:05:25,274 INFO o.s.b.a.h.H2ConsoleAutoConfiguration [restartedMain] H2 console available at '/h2-console'. Database available at 'jdbc:h2:mem:desapp.api.db'
2024-06-06 00:05:26,465 INFO o.e.s.o.t.o.p.UpfrontAllocatingPageSource [restartedMain] Allocating 10.0MB in chunks
2024-06-06 00:05:26,516 INFO o.e.c.EhcacheManager [restartedMain] Cache 'hourlyQuotes' created in EhcacheManager.
2024-06-06 00:05:26,527 INFO o.e.s.o.t.o.p.UpfrontAllocatingPageSource [restartedMain] Allocating 10.0MB in chunks
2024-06-06 00:05:26,536 INFO o.e.c.EhcacheManager [restartedMain] Cache 'cryptoCurrency' created in EhcacheManager.
2024-06-06 00:05:26,590 INFO o.e.j.Eh107CacheManager [restartedMain] Registering Ehcache MBean javax.cache:type=CacheStatistics,CacheManager=file./C./Users/jmsan/dev/universidad/desa-unq-grupo/build/resources/main/ehcache.xml,Cache=hourlyQuotes
2024-06-06 00:05:26,593 INFO o.e.j.Eh107CacheManager [restartedMain] Registering Ehcache MBean javax.cache:type=CacheStatistics,CacheManager=file./C./Users/jmsan/dev/universidad/desa-unq-grupo/build/resources/main/ehcache.xml,Cache=cryptoCurrency
2024-06-06 00:05:26,619 INFO o.e.j.Eh107CacheManager [restartedMain] Registering Ehcache MBean javax.cache:type=CacheStatistics,CacheManager=file./C./Users/jmsan/dev/universidad/desa-unq-grupo/build/resources/main/ehcache.xml,Cache=hourlyQuotes
2024-06-06 00:05:26,621 INFO o.e.j.Eh107CacheManager [restartedMain] Registering Ehcache MBean javax.cache:type=CacheStatistics,CacheManager=file./C./Users/jmsan/dev/universidad/desa-unq-grupo/build/resources/main/ehcache.xml,Cache=cryptoCurrency
2024-06-06 00:05:26,880 INFO o.h.j.i.u.LogHelper [restartedMain] HHH000204: Processing PersistenceUnitInfo [name: default]
2024-06-06 00:05:27,002 INFO o.h.Version [restartedMain] HHH000412: Hibernate ORM core version 6.4.4.Final
2024-06-06 00:05:27,080 INFO o.h.c.i.RegionFactoryInitiator [restartedMain] HHH000026: Second-level cache disabled
2024-06-06 00:05:27,682 INFO o.s.o.j.p.SpringPersistenceUnitInfo [restartedMain] No LoadTimeWeaver setup: ignoring JPA class transformer
2024-06-06 00:05:27,774 WARN o.h.e.j.d.i.DialectFactoryImpl [restartedMain] HHH90000025: H2Dialect does not need to be specified explicitly using 'hibernate.dialect' (remove the property setting and it will be selected by default)
2024-06-06 00:05:29,805 INFO o.h.e.t.j.p.i.JtaPlatformInitiator [restartedMain] HHH000489: No JTA platform available (set 'hibernate.transaction.jta.platform' to enable JTA platform integration)
2024-06-06 00:05:29,934 INFO o.s.o.j.AbstractEntityManagerFactoryBean [restartedMain] Initialized JPA EntityManagerFactory for persistence unit 'default'
2024-06-06 00:05:32,381 INFO o.s.d.j.r.q.QueryEnhancerFactory [restartedMain] Hibernate is in classpath; If applicable, HQL parser will be used.
2024-06-06 00:05:33,174 WARN o.s.b.a.o.j.JpaBaseConfiguration$JpaWebConfiguration [restartedMain] spring.jpa.open-in-view is enabled by default. Therefore, database queries may be performed during view rendering. Explicitly configure spring.jpa.open-in-view to disable this warning
2024-06-06 00:05:34,478 INFO o.s.b.a.e.w.EndpointLinksResolver [restartedMain] Exposing 1 endpoint(s) beneath base path '/actuator'
2024-06-06 00:05:34,694 INFO o.s.s.w.DefaultSecurityFilterChain [restartedMain] Will secure any request with [org.springframework.security.web.session.DisableEncodeUrlFilter@56208564, org.springframework.security.web.context.request.async.WebAsyncManagerIntegrationFilter@6ac26dc5, org.springframework.security.web.context.SecurityContextHolderFilter@7cacdcac, org.springframework.security.web.header.HeaderWriterFilter@6462ce70, org.springframework.web.filter.CorsFilter@2e35e021, org.springframework.security.web.authentication.logout.LogoutFilter@37264f2e, ar.edu.unq.desapp.grupoc.backenddesappapi.configuration.filters.JwtRequestFilter@a1a6b3c, org.springframework.security.web.savedrequest.RequestCacheAwareFilter@619cc213, org.springframework.security.web.servletapi.SecurityContextHolderAwareRequestFilter@1e99a692, org.springframework.security.web.authentication.AnonymousAuthenticationFilter@78d19635, org.springframework.security.web.session.SessionManagementFilter@1968b1a1, org.springframework.security.web.access.ExceptionTranslationFilter@3dc688ca, org.springframework.security.web.access.intercept.AuthorizationFilter@3fada4bc]
2024-06-06 00:05:36,616 INFO o.s.b.d.a.OptionalLiveReloadServer [restartedMain] LiveReload server is running on port 35729
2024-06-06 00:05:36,742 INFO o.a.j.l.DirectJDKLog [restartedMain] Starting ProtocolHandler ["http-nio-8080"]
2024-06-06 00:05:36,775 INFO o.s.b.w.e.t.TomcatWebServer [restartedMain] Tomcat started on port 8080 (http) with context path ''
2024-06-06 00:05:36,818 INFO o.s.b.StartupInfoLogger [restartedMain] Started BackendDesappApiApplicationKt in 20.191 seconds (process running for 23.526)
2024-06-06 00:05:37,463 INFO o.a.j.l.DirectJDKLog [RMI TCP Connection(2)-172.27.192.1] Initializing Spring DispatcherServlet 'dispatcherServlet'
2024-06-06 00:05:37,464 INFO o.s.w.s.FrameworkServlet [RMI TCP Connection(2)-172.27.192.1] Initializing Servlet 'dispatcherServlet'
2024-06-06 00:05:37,468 INFO o.s.w.s.FrameworkServlet [RMI TCP Connection(2)-172.27.192.1] Completed initialization in 3 ms
2024-06-06 00:23:37,449 INFO o.s.o.j.AbstractEntityManagerFactoryBean [SpringApplicationShutdownHook] Closing JPA EntityManagerFactory for persistence unit 'default'
2024-06-06 00:23:37,459 WARN o.s.b.f.s.DisposableBeanAdapter [SpringApplicationShutdownHook] Invocation of destroy method failed on bean with name 'inMemoryDatabaseShutdownExecutor': org.h2.jdbc.JdbcSQLNonTransientConnectionException: La base de datos ya esta cerrada (para des-habilitar el cerrado automatico durante el shutdown de la VM, agregue ";DB_CLOSE_ON_EXIT=FALSE" a la URL de conexión)
Database is already closed (to disable automatic closing at VM shutdown, add ";DB_CLOSE_ON_EXIT=FALSE" to the db URL) [90121-224]
2024-06-06 00:23:37,469 INFO o.e.c.EhcacheManager [SpringApplicationShutdownHook] Cache 'hourlyQuotes' removed from EhcacheManager.
2024-06-06 00:23:37,471 INFO o.e.c.EhcacheManager [SpringApplicationShutdownHook] Cache 'cryptoCurrency' removed from EhcacheManager.
2024-06-06 00:23:37,478 INFO c.z.h.HikariDataSource [SpringApplicationShutdownHook] HikariPool-1 - Shutdown initiated...
2024-06-06 00:23:37,481 INFO c.z.h.HikariDataSource [SpringApplicationShutdownHook] HikariPool-1 - Shutdown completed.
2024-06-06 00:23:44,763 INFO o.h.v.i.u.Version [background-preinit] HV000001: Hibernate Validator 8.0.1.Final
2024-06-06 00:23:44,865 INFO o.s.b.StartupInfoLogger [restartedMain] Starting BackendDesappApiApplicationKt using Java 17.0.6 with PID 1004 (C:\Users\jmsan\dev\universidad\desa-unq-grupo\build\classes\kotlin\main started by jmsan in C:\Users\jmsan\dev\universidad\desa-unq-grupo)
2024-06-06 00:23:44,868 INFO o.s.b.SpringApplication [restartedMain] No active profile set, falling back to 1 default profile: "default"
2024-06-06 00:23:44,996 INFO o.s.b.l.DeferredLog [restartedMain] The Class-Path manifest attribute in C:\Users\jmsan\.gradle\caches\modules-2\files-2.1\com.sun.xml.bind\jaxb-core\2.3.0.1\23574ca124d0a694721ce3ef13cd720095f18fdd\jaxb-core-2.3.0.1.jar referenced one or more files that do not exist: file:/C:/Users/jmsan/.gradle/caches/modules-2/files-2.1/com.sun.xml.bind/jaxb-core/2.3.0.1/23574ca124d0a694721ce3ef13cd720095f18fdd/jaxb-api.jar
2024-06-06 00:23:44,997 INFO o.s.b.l.DeferredLog [restartedMain] The Class-Path manifest attribute in C:\Users\jmsan\.gradle\caches\modules-2\files-2.1\com.sun.xml.bind\jaxb-impl\2.3.2\9d70d9b54cbc91b0e647d97af87395f39ea189f9\jaxb-impl-2.3.2.jar referenced one or more files that do not exist: file:/C:/Users/jmsan/.gradle/caches/modules-2/files-2.1/com.sun.xml.bind/jaxb-impl/2.3.2/9d70d9b54cbc91b0e647d97af87395f39ea189f9/jaxb-runtime-2.3.2.jar,file:/C:/Users/jmsan/.gradle/caches/modules-2/files-2.1/com.sun.xml.bind/jaxb-impl/2.3.2/9d70d9b54cbc91b0e647d97af87395f39ea189f9/txw2-2.3.2.jar,file:/C:/Users/jmsan/.gradle/caches/modules-2/files-2.1/com.sun.xml.bind/jaxb-impl/2.3.2/9d70d9b54cbc91b0e647d97af87395f39ea189f9/istack-commons-runtime-3.0.8.jar,file:/C:/Users/jmsan/.gradle/caches/modules-2/files-2.1/com.sun.xml.bind/jaxb-impl/2.3.2/9d70d9b54cbc91b0e647d97af87395f39ea189f9/stax-ex-1.8.1.jar,file:/C:/Users/jmsan/.gradle/caches/modules-2/files-2.1/com.sun.xml.bind/jaxb-impl/2.3.2/9d70d9b54cbc91b0e647d97af87395f39ea189f9/FastInfoset-1.2.16.jar,file:/C:/Users/jmsan/.gradle/caches/modules-2/files-2.1/com.sun.xml.bind/jaxb-impl/2.3.2/9d70d9b54cbc91b0e647d97af87395f39ea189f9/jakarta.activation-api-1.2.1.jar
2024-06-06 00:23:44,997 INFO o.s.b.l.DeferredLog [restartedMain] Devtools property defaults active! Set 'spring.devtools.add-properties' to 'false' to disable
2024-06-06 00:23:44,997 INFO o.s.b.l.DeferredLog [restartedMain] For additional web related logging consider setting the 'logging.level.web' property to 'DEBUG'
2024-06-06 00:23:48,183 INFO o.s.d.r.c.RepositoryConfigurationDelegate [restartedMain] Bootstrapping Spring Data JPA repositories in DEFAULT mode.
2024-06-06 00:23:48,332 INFO o.s.d.r.c.RepositoryConfigurationDelegate [restartedMain] Finished Spring Data repository scanning in 135 ms. Found 5 JPA repository interfaces.
2024-06-06 00:23:50,680 INFO o.s.b.w.e.t.TomcatWebServer [restartedMain] Tomcat initialized with port 8080 (http)
2024-06-06 00:23:50,712 INFO o.a.j.l.DirectJDKLog [restartedMain] Initializing ProtocolHandler ["http-nio-8080"]
2024-06-06 00:23:50,720 INFO o.a.j.l.DirectJDKLog [restartedMain] Starting service [Tomcat]
2024-06-06 00:23:50,724 INFO o.a.j.l.DirectJDKLog [restartedMain] Starting Servlet engine: [Apache Tomcat/10.1.19]
2024-06-06 00:23:50,853 INFO o.a.j.l.DirectJDKLog [restartedMain] Initializing Spring embedded WebApplicationContext
2024-06-06 00:23:50,854 INFO o.s.b.w.s.c.ServletWebServerApplicationContext [restartedMain] Root WebApplicationContext: initialization completed in 5855 ms
2024-06-06 00:23:51,305 INFO c.z.h.HikariDataSource [restartedMain] HikariPool-1 - Starting...
2024-06-06 00:23:51,735 INFO c.z.h.p.HikariPool [restartedMain] HikariPool-1 - Added connection conn0: url=jdbc:h2:mem:desapp.api.db user=SA
2024-06-06 00:23:51,740 INFO c.z.h.HikariDataSource [restartedMain] HikariPool-1 - Start completed.
2024-06-06 00:23:51,765 INFO o.s.b.a.h.H2ConsoleAutoConfiguration [restartedMain] H2 console available at '/h2-console'. Database available at 'jdbc:h2:mem:desapp.api.db'
2024-06-06 00:23:52,917 INFO o.e.s.o.t.o.p.UpfrontAllocatingPageSource [restartedMain] Allocating 10.0MB in chunks
2024-06-06 00:23:52,961 INFO o.e.c.EhcacheManager [restartedMain] Cache 'hourlyQuotes' created in EhcacheManager.
2024-06-06 00:23:52,972 INFO o.e.s.o.t.o.p.UpfrontAllocatingPageSource [restartedMain] Allocating 10.0MB in chunks
2024-06-06 00:23:52,977 INFO o.e.c.EhcacheManager [restartedMain] Cache 'cryptoCurrency' created in EhcacheManager.
2024-06-06 00:23:53,029 INFO o.e.j.Eh107CacheManager [restartedMain] Registering Ehcache MBean javax.cache:type=CacheStatistics,CacheManager=file./C./Users/jmsan/dev/universidad/desa-unq-grupo/build/resources/main/ehcache.xml,Cache=hourlyQuotes
2024-06-06 00:23:53,032 INFO o.e.j.Eh107CacheManager [restartedMain] Registering Ehcache MBean javax.cache:type=CacheStatistics,CacheManager=file./C./Users/jmsan/dev/universidad/desa-unq-grupo/build/resources/main/ehcache.xml,Cache=cryptoCurrency
2024-06-06 00:23:53,051 INFO o.e.j.Eh107CacheManager [restartedMain] Registering Ehcache MBean javax.cache:type=CacheStatistics,CacheManager=file./C./Users/jmsan/dev/universidad/desa-unq-grupo/build/resources/main/ehcache.xml,Cache=hourlyQuotes
2024-06-06 00:23:53,052 INFO o.e.j.Eh107CacheManager [restartedMain] Registering Ehcache MBean javax.cache:type=CacheStatistics,CacheManager=file./C./Users/jmsan/dev/universidad/desa-unq-grupo/build/resources/main/ehcache.xml,Cache=cryptoCurrency
2024-06-06 00:23:53,315 INFO o.h.j.i.u.LogHelper [restartedMain] HHH000204: Processing PersistenceUnitInfo [name: default]
2024-06-06 00:23:53,467 INFO o.h.Version [restartedMain] HHH000412: Hibernate ORM core version 6.4.4.Final
2024-06-06 00:23:53,542 INFO o.h.c.i.RegionFactoryInitiator [restartedMain] HHH000026: Second-level cache disabled
2024-06-06 00:23:54,130 INFO o.s.o.j.p.SpringPersistenceUnitInfo [restartedMain] No LoadTimeWeaver setup: ignoring JPA class transformer
2024-06-06 00:23:54,219 WARN o.h.e.j.d.i.DialectFactoryImpl [restartedMain] HHH90000025: H2Dialect does not need to be specified explicitly using 'hibernate.dialect' (remove the property setting and it will be selected by default)
2024-06-06 00:23:56,183 INFO o.h.e.t.j.p.i.JtaPlatformInitiator [restartedMain] HHH000489: No JTA platform available (set 'hibernate.transaction.jta.platform' to enable JTA platform integration)
2024-06-06 00:23:56,323 INFO o.s.o.j.AbstractEntityManagerFactoryBean [restartedMain] Initialized JPA EntityManagerFactory for persistence unit 'default'
2024-06-06 00:23:58,628 INFO o.s.d.j.r.q.QueryEnhancerFactory [restartedMain] Hibernate is in classpath; If applicable, HQL parser will be used.
2024-06-06 00:23:59,521 WARN o.s.b.a.o.j.JpaBaseConfiguration$JpaWebConfiguration [restartedMain] spring.jpa.open-in-view is enabled by default. Therefore, database queries may be performed during view rendering. Explicitly configure spring.jpa.open-in-view to disable this warning
2024-06-06 00:24:00,821 INFO o.s.b.a.e.w.EndpointLinksResolver [restartedMain] Exposing 14 endpoint(s) beneath base path '/actuator'
2024-06-06 00:24:01,050 INFO o.s.s.w.DefaultSecurityFilterChain [restartedMain] Will secure any request with [org.springframework.security.web.session.DisableEncodeUrlFilter@69e83c8c, org.springframework.security.web.context.request.async.WebAsyncManagerIntegrationFilter@756188f3, org.springframework.security.web.context.SecurityContextHolderFilter@68bac213, org.springframework.security.web.header.HeaderWriterFilter@1386394c, org.springframework.web.filter.CorsFilter@7e6a51e7, org.springframework.security.web.authentication.logout.LogoutFilter@2ea60c6f, ar.edu.unq.desapp.grupoc.backenddesappapi.configuration.filters.JwtRequestFilter@5a5ccb05, org.springframework.security.web.savedrequest.RequestCacheAwareFilter@68f73183, org.springframework.security.web.servletapi.SecurityContextHolderAwareRequestFilter@379173c5, org.springframework.security.web.authentication.AnonymousAuthenticationFilter@776a9b1f, org.springframework.security.web.session.SessionManagementFilter@53f4bf1a, org.springframework.security.web.access.ExceptionTranslationFilter@3ee94c09, org.springframework.security.web.access.intercept.AuthorizationFilter@66bac901]
2024-06-06 00:24:03,102 INFO o.s.b.d.a.OptionalLiveReloadServer [restartedMain] LiveReload server is running on port 35729
2024-06-06 00:24:03,258 INFO o.a.j.l.DirectJDKLog [restartedMain] Starting ProtocolHandler ["http-nio-8080"]
2024-06-06 00:24:03,294 INFO o.s.b.w.e.t.TomcatWebServer [restartedMain] Tomcat started on port 8080 (http) with context path ''
2024-06-06 00:24:03,336 INFO o.s.b.StartupInfoLogger [restartedMain] Started BackendDesappApiApplicationKt in 19.812 seconds (process running for 21.485)
2024-06-06 00:24:04,249 INFO o.a.j.l.DirectJDKLog [RMI TCP Connection(4)-172.27.192.1] Initializing Spring DispatcherServlet 'dispatcherServlet'
2024-06-06 00:24:04,250 INFO o.s.w.s.FrameworkServlet [RMI TCP Connection(4)-172.27.192.1] Initializing Servlet 'dispatcherServlet'
2024-06-06 00:24:04,254 INFO o.s.w.s.FrameworkServlet [RMI TCP Connection(4)-172.27.192.1] Completed initialization in 4 ms
2024-06-06 00:31:32,104 INFO a.e.u.d.g.b.c.l.LogInfoAspectCustomPointcut [http-nio-8080-exec-2] /////// LogInfoAspectCustomPointcut - BEFORE POINTCUT /////
2024-06-06 00:31:32,115 INFO a.e.u.d.g.b.c.l.LogExecutionTimeAspectAnnotation [http-nio-8080-exec-2] /////// LogExecutionTimeAspectAnnotation - AROUND START  logExecutionTime annotation //////
2024-06-06 00:31:32,117 INFO a.e.u.d.g.b.c.l.LogExecutionTimeAspectAnnotation [http-nio-8080-exec-2] /////// LogExecutionTimeAspectAnnotation - ARGUMENT: BTCUSDT
2024-06-06 00:31:34,049 INFO a.e.u.d.g.b.c.CacheEventLogger [Ehcache [_default_]-0] UpdateCache | KEY: BTCUSDT | OLDVALUE: null | NEWVALUE: CryptoCurrency(symbol=BTCUSDT, price=71128.01000000, lastUpdateDateAndTime=2024-06-06T00:31:34.048913200)
2024-06-06 00:31:34,077 INFO a.e.u.d.g.b.c.l.LogExecutionTimeAspectAnnotation [http-nio-8080-exec-2] /////// LogExecutionTimeAspectAnnotation - ResponseEntity ar.edu.unq.desapp.grupoc.backenddesappapi.webservice.CryptoController.currency(SYMBOL) executed in 1958ms 
2024-06-06 00:31:34,078 INFO a.e.u.d.g.b.c.l.LogExecutionTimeAspectAnnotation [http-nio-8080-exec-2] /////// LogExecutionTimeAspectAnnotation - RETURN: <200 OK OK,CryptoCurrency(symbol=BTCUSDT, price=71128.01000000, lastUpdateDateAndTime=2024-06-06T00:31:34.048913200),[]>.toString()
2024-06-06 00:31:34,079 INFO a.e.u.d.g.b.c.l.LogExecutionTimeAspectAnnotation [http-nio-8080-exec-2] /////// LogExecutionTimeAspectAnnotation - AROUND FINISH  logExecutionTime annotation ///////
2024-06-06 00:31:34,079 INFO a.e.u.d.g.b.c.l.LogInfoAspectCustomPointcut [http-nio-8080-exec-2] /////// LogInfoAspectCustomPointcut - AFTER POINTCUT /////
2024-06-06 00:33:11,399 INFO a.e.u.d.g.b.c.l.LogInfoAspectCustomPointcut [http-nio-8080-exec-2] /////// LogInfoAspectCustomPointcut - BEFORE POINTCUT /////
2024-06-06 00:33:11,400 INFO a.e.u.d.g.b.c.l.LogExecutionTimeAspectAnnotation [http-nio-8080-exec-2] /////// LogExecutionTimeAspectAnnotation - AROUND START  logExecutionTime annotation //////
2024-06-06 00:33:11,401 INFO a.e.u.d.g.b.c.l.LogExecutionTimeAspectAnnotation [http-nio-8080-exec-2] /////// LogExecutionTimeAspectAnnotation - ARGUMENT: BTCUSDT
2024-06-06 00:33:12,686 INFO a.e.u.d.g.b.c.CacheEventLogger [Ehcache [_default_]-1] UpdateCache | KEY: BTCUSDT | OLDVALUE: CryptoCurrency(symbol=BTCUSDT, price=71128.01000000, lastUpdateDateAndTime=null) | NEWVALUE: null
2024-06-06 00:33:12,687 INFO a.e.u.d.g.b.c.CacheEventLogger [Ehcache [_default_]-1] UpdateCache | KEY: BTCUSDT | OLDVALUE: null | NEWVALUE: CryptoCurrency(symbol=BTCUSDT, price=71141.76000000, lastUpdateDateAndTime=2024-06-06T00:33:12.686411)
2024-06-06 00:33:12,690 INFO a.e.u.d.g.b.c.l.LogExecutionTimeAspectAnnotation [http-nio-8080-exec-2] /////// LogExecutionTimeAspectAnnotation - ResponseEntity ar.edu.unq.desapp.grupoc.backenddesappapi.webservice.CryptoController.currency(SYMBOL) executed in 1289ms 
2024-06-06 00:33:12,691 INFO a.e.u.d.g.b.c.l.LogExecutionTimeAspectAnnotation [http-nio-8080-exec-2] /////// LogExecutionTimeAspectAnnotation - RETURN: <200 OK OK,CryptoCurrency(symbol=BTCUSDT, price=71141.76000000, lastUpdateDateAndTime=2024-06-06T00:33:12.686411),[]>.toString()
2024-06-06 00:33:12,692 INFO a.e.u.d.g.b.c.l.LogExecutionTimeAspectAnnotation [http-nio-8080-exec-2] /////// LogExecutionTimeAspectAnnotation - AROUND FINISH  logExecutionTime annotation ///////
2024-06-06 00:33:12,693 INFO a.e.u.d.g.b.c.l.LogInfoAspectCustomPointcut [http-nio-8080-exec-2] /////// LogInfoAspectCustomPointcut - AFTER POINTCUT /////
2024-06-06 00:35:20,431 INFO a.e.u.d.g.b.c.l.LogInfoAspectCustomPointcut [http-nio-8080-exec-1] /////// LogInfoAspectCustomPointcut - BEFORE POINTCUT /////
2024-06-06 00:35:20,432 INFO a.e.u.d.g.b.c.l.LogExecutionTimeAspectAnnotation [http-nio-8080-exec-1] /////// LogExecutionTimeAspectAnnotation - AROUND START  logExecutionTime annotation //////
2024-06-06 00:35:20,433 INFO a.e.u.d.g.b.c.l.LogExecutionTimeAspectAnnotation [http-nio-8080-exec-1] /////// LogExecutionTimeAspectAnnotation - ARGUMENT: BTCUSDT
2024-06-06 00:35:22,914 INFO a.e.u.d.g.b.c.CacheEventLogger [Ehcache [_default_]-2] UpdateCache | KEY: BTCUSDT | OLDVALUE: CryptoCurrency(symbol=BTCUSDT, price=71141.76000000, lastUpdateDateAndTime=null) | NEWVALUE: null
2024-06-06 00:35:22,915 INFO a.e.u.d.g.b.c.CacheEventLogger [Ehcache [_default_]-2] UpdateCache | KEY: BTCUSDT | OLDVALUE: null | NEWVALUE: CryptoCurrency(symbol=BTCUSDT, price=71115.44000000, lastUpdateDateAndTime=2024-06-06T00:35:22.914080500)
2024-06-06 00:35:22,918 INFO a.e.u.d.g.b.c.l.LogExecutionTimeAspectAnnotation [http-nio-8080-exec-1] /////// LogExecutionTimeAspectAnnotation - ResponseEntity ar.edu.unq.desapp.grupoc.backenddesappapi.webservice.CryptoController.currency(SYMBOL) executed in 2485ms 
2024-06-06 00:35:22,919 INFO a.e.u.d.g.b.c.l.LogExecutionTimeAspectAnnotation [http-nio-8080-exec-1] /////// LogExecutionTimeAspectAnnotation - RETURN: <200 OK OK,CryptoCurrency(symbol=BTCUSDT, price=71115.44000000, lastUpdateDateAndTime=2024-06-06T00:35:22.914080500),[]>.toString()
2024-06-06 00:35:22,921 INFO a.e.u.d.g.b.c.l.LogExecutionTimeAspectAnnotation [http-nio-8080-exec-1] /////// LogExecutionTimeAspectAnnotation - AROUND FINISH  logExecutionTime annotation ///////
2024-06-06 00:35:22,922 INFO a.e.u.d.g.b.c.l.LogInfoAspectCustomPointcut [http-nio-8080-exec-1] /////// LogInfoAspectCustomPointcut - AFTER POINTCUT /////
2024-06-06 00:36:57,417 INFO a.e.u.d.g.b.c.l.LogInfoAspectCustomPointcut [http-nio-8080-exec-4] /////// LogInfoAspectCustomPointcut - BEFORE POINTCUT /////
2024-06-06 00:36:57,420 INFO a.e.u.d.g.b.c.l.LogExecutionTimeAspectAnnotation [http-nio-8080-exec-4] /////// LogExecutionTimeAspectAnnotation - AROUND START  logExecutionTime annotation //////
2024-06-06 00:36:57,421 INFO a.e.u.d.g.b.c.l.LogExecutionTimeAspectAnnotation [http-nio-8080-exec-4] /////// LogExecutionTimeAspectAnnotation - ARGUMENT: BTCUSDT
2024-06-06 00:36:58,725 INFO a.e.u.d.g.b.c.CacheEventLogger [Ehcache [_default_]-3] UpdateCache | KEY: BTCUSDT | OLDVALUE: CryptoCurrency(symbol=BTCUSDT, price=71115.44000000, lastUpdateDateAndTime=null) | NEWVALUE: null
2024-06-06 00:36:58,725 INFO a.e.u.d.g.b.c.CacheEventLogger [Ehcache [_default_]-3] UpdateCache | KEY: BTCUSDT | OLDVALUE: null | NEWVALUE: CryptoCurrency(symbol=BTCUSDT, price=71100.61000000, lastUpdateDateAndTime=2024-06-06T00:36:58.724059100)
2024-06-06 00:36:58,731 INFO a.e.u.d.g.b.c.l.LogExecutionTimeAspectAnnotation [http-nio-8080-exec-4] /////// LogExecutionTimeAspectAnnotation - ResponseEntity ar.edu.unq.desapp.grupoc.backenddesappapi.webservice.CryptoController.currency(SYMBOL) executed in 1310ms 
2024-06-06 00:36:58,732 INFO a.e.u.d.g.b.c.l.LogExecutionTimeAspectAnnotation [http-nio-8080-exec-4] /////// LogExecutionTimeAspectAnnotation - RETURN: <200 OK OK,CryptoCurrency(symbol=BTCUSDT, price=71100.61000000, lastUpdateDateAndTime=2024-06-06T00:36:58.724059100),[]>.toString()
2024-06-06 00:36:58,734 INFO a.e.u.d.g.b.c.l.LogExecutionTimeAspectAnnotation [http-nio-8080-exec-4] /////// LogExecutionTimeAspectAnnotation - AROUND FINISH  logExecutionTime annotation ///////
2024-06-06 00:36:58,737 INFO a.e.u.d.g.b.c.l.LogInfoAspectCustomPointcut [http-nio-8080-exec-4] /////// LogInfoAspectCustomPointcut - AFTER POINTCUT /////
2024-06-06 00:37:44,762 INFO a.e.u.d.g.b.c.l.LogInfoAspectCustomPointcut [http-nio-8080-exec-9] /////// LogInfoAspectCustomPointcut - BEFORE POINTCUT /////
2024-06-06 00:37:44,763 INFO a.e.u.d.g.b.c.l.LogExecutionTimeAspectAnnotation [http-nio-8080-exec-9] /////// LogExecutionTimeAspectAnnotation - AROUND START  logExecutionTime annotation //////
2024-06-06 00:37:44,763 INFO a.e.u.d.g.b.c.l.LogExecutionTimeAspectAnnotation [http-nio-8080-exec-9] /////// LogExecutionTimeAspectAnnotation - ARGUMENT: BTCUSDT
2024-06-06 00:37:45,709 INFO a.e.u.d.g.b.c.CacheEventLogger [Ehcache [_default_]-4] UpdateCache | KEY: BTCUSDT | OLDVALUE: CryptoCurrency(symbol=BTCUSDT, price=71100.61000000, lastUpdateDateAndTime=null) | NEWVALUE: null
2024-06-06 00:37:45,710 INFO a.e.u.d.g.b.c.CacheEventLogger [Ehcache [_default_]-4] UpdateCache | KEY: BTCUSDT | OLDVALUE: null | NEWVALUE: CryptoCurrency(symbol=BTCUSDT, price=71100.60000000, lastUpdateDateAndTime=2024-06-06T00:37:45.709157600)
2024-06-06 00:37:45,713 INFO a.e.u.d.g.b.c.l.LogExecutionTimeAspectAnnotation [http-nio-8080-exec-9] /////// LogExecutionTimeAspectAnnotation - ResponseEntity ar.edu.unq.desapp.grupoc.backenddesappapi.webservice.CryptoController.currency(SYMBOL) executed in 950ms 
2024-06-06 00:37:45,714 INFO a.e.u.d.g.b.c.l.LogExecutionTimeAspectAnnotation [http-nio-8080-exec-9] /////// LogExecutionTimeAspectAnnotation - RETURN: <200 OK OK,CryptoCurrency(symbol=BTCUSDT, price=71100.60000000, lastUpdateDateAndTime=2024-06-06T00:37:45.709157600),[]>.toString()
2024-06-06 00:37:45,715 INFO a.e.u.d.g.b.c.l.LogExecutionTimeAspectAnnotation [http-nio-8080-exec-9] /////// LogExecutionTimeAspectAnnotation - AROUND FINISH  logExecutionTime annotation ///////
2024-06-06 00:37:45,715 INFO a.e.u.d.g.b.c.l.LogInfoAspectCustomPointcut [http-nio-8080-exec-9] /////// LogInfoAspectCustomPointcut - AFTER POINTCUT /////
2024-06-06 00:39:35,164 INFO a.e.u.d.g.b.c.l.LogInfoAspectCustomPointcut [http-nio-8080-exec-9] /////// LogInfoAspectCustomPointcut - BEFORE POINTCUT /////
2024-06-06 00:39:35,165 INFO a.e.u.d.g.b.c.l.LogExecutionTimeAspectAnnotation [http-nio-8080-exec-9] /////// LogExecutionTimeAspectAnnotation - AROUND START  logExecutionTime annotation //////
2024-06-06 00:39:35,166 INFO a.e.u.d.g.b.c.l.LogExecutionTimeAspectAnnotation [http-nio-8080-exec-9] /////// LogExecutionTimeAspectAnnotation - ARGUMENT: BTCUSDT
2024-06-06 00:39:36,608 INFO a.e.u.d.g.b.c.CacheEventLogger [Ehcache [_default_]-5] UpdateCache | KEY: BTCUSDT | OLDVALUE: CryptoCurrency(symbol=BTCUSDT, price=71100.60000000, lastUpdateDateAndTime=null) | NEWVALUE: null
2024-06-06 00:39:36,609 INFO a.e.u.d.g.b.c.CacheEventLogger [Ehcache [_default_]-5] UpdateCache | KEY: BTCUSDT | OLDVALUE: null | NEWVALUE: CryptoCurrency(symbol=BTCUSDT, price=71072.28000000, lastUpdateDateAndTime=2024-06-06T00:39:36.608145800)
2024-06-06 00:39:36,613 INFO a.e.u.d.g.b.c.l.LogExecutionTimeAspectAnnotation [http-nio-8080-exec-9] /////// LogExecutionTimeAspectAnnotation - ResponseEntity ar.edu.unq.desapp.grupoc.backenddesappapi.webservice.CryptoController.currency(SYMBOL) executed in 1447ms 
2024-06-06 00:39:36,614 INFO a.e.u.d.g.b.c.l.LogExecutionTimeAspectAnnotation [http-nio-8080-exec-9] /////// LogExecutionTimeAspectAnnotation - RETURN: <200 OK OK,CryptoCurrency(symbol=BTCUSDT, price=71072.28000000, lastUpdateDateAndTime=2024-06-06T00:39:36.608145800),[]>.toString()
2024-06-06 00:39:36,614 INFO a.e.u.d.g.b.c.l.LogExecutionTimeAspectAnnotation [http-nio-8080-exec-9] /////// LogExecutionTimeAspectAnnotation - AROUND FINISH  logExecutionTime annotation ///////
2024-06-06 00:39:36,614 INFO a.e.u.d.g.b.c.l.LogInfoAspectCustomPointcut [http-nio-8080-exec-9] /////// LogInfoAspectCustomPointcut - AFTER POINTCUT /////
2024-06-06 00:40:08,097 INFO o.s.o.j.AbstractEntityManagerFactoryBean [SpringApplicationShutdownHook] Closing JPA EntityManagerFactory for persistence unit 'default'
2024-06-06 00:40:08,107 WARN o.s.b.f.s.DisposableBeanAdapter [SpringApplicationShutdownHook] Invocation of destroy method failed on bean with name 'inMemoryDatabaseShutdownExecutor': org.h2.jdbc.JdbcSQLNonTransientConnectionException: La base de datos ya esta cerrada (para des-habilitar el cerrado automatico durante el shutdown de la VM, agregue ";DB_CLOSE_ON_EXIT=FALSE" a la URL de conexión)
Database is already closed (to disable automatic closing at VM shutdown, add ";DB_CLOSE_ON_EXIT=FALSE" to the db URL) [90121-224]
2024-06-06 00:40:08,118 INFO o.e.c.EhcacheManager [SpringApplicationShutdownHook] Cache 'hourlyQuotes' removed from EhcacheManager.
2024-06-06 00:40:08,120 INFO o.e.c.EhcacheManager [SpringApplicationShutdownHook] Cache 'cryptoCurrency' removed from EhcacheManager.
2024-06-06 00:40:08,125 INFO c.z.h.HikariDataSource [SpringApplicationShutdownHook] HikariPool-1 - Shutdown initiated...
2024-06-06 00:40:08,129 INFO c.z.h.HikariDataSource [SpringApplicationShutdownHook] HikariPool-1 - Shutdown completed.
